

Processing ListController#list (for 127.0.0.1 at 2008-09-04 09:28:42) [GET]
  Session ID: BAh7CToRbGlzdF9pdGVtX2lkaQY6EWxpc3RfdHlwZV9pZGkGOgx1c2VyX2lk
aQYiCmZsYXNoSUM6J0FjdGlvbkNvbnRyb2xsZXI6OkZsYXNoOjpGbGFzaEhh
c2h7AAY6CkB1c2VkewA=--b5a0d787a061d8d341de6065e9186a56c04bac73
  Parameters: {"action"=>"list", "controller"=>"list"}
WARNING: You're using the Ruby-based MySQL library that ships with Rails. This library is not suited for production. Please install the C-based MySQL library instead (gem install mysql).
  [4;36;1mSQL (0.000227)[0m   [0;1mSET NAMES 'utf8'[0m
  [4;35;1mSQL (0.000171)[0m   [0mSET SQL_AUTO_IS_NULL=0[0m
  [4;36;1mListItem Columns (0.004682)[0m   [0;1mSHOW FIELDS FROM `list_items`[0m
  [4;35;1mListItem Load (0.002291)[0m   [0mSELECT * FROM `list_items` WHERE (`list_items`.`list_type_id` = 1 AND `list_items`.`user_id` = 1) ORDER BY position[0m
Rendering template within layouts/list
Rendering list/list
Rendered list/_list_items (0.00362)
  [4;36;1mListItem Load (0.001145)[0m   [0;1mSELECT * FROM `list_items` WHERE (`list_items`.`id` = 1) [0m
  [4;35;1mListType Columns (0.003255)[0m   [0mSHOW FIELDS FROM `list_types`[0m
  [4;36;1mListType Load (0.000629)[0m   [0;1mSELECT * FROM `list_types` WHERE (`list_types`.`id` = 1) [0m
  [4;35;1mListType Load (0.000944)[0m   [0mSELECT * FROM `list_types` [0m
Rendered list/_item_description (0.00056)
Rendered list/_item_resolution (0.00051)
Rendered list/_item_stats (0.00016)
Rendered list/_list_item (0.02278)
  [4;36;1mActionItem Columns (0.003162)[0m   [0;1mSHOW FIELDS FROM `action_items`[0m
  [4;35;1mSQL (0.000537)[0m   [0mSELECT count(*) AS count_all FROM `action_items` WHERE (`action_items`.list_item_id = 1) [0m
Rendered list/_action_items (0.01097)
  [4;36;1mCACHE (0.000000)[0m   [0;1mSELECT * FROM `list_types` [0m
  [4;35;1mListItem Load (0.001102)[0m   [0mSELECT * FROM `list_items` WHERE (`list_items`.`list_type_id` = 1 AND `list_items`.`user_id` = 1) [0m
  [4;36;1mListItem Load (0.000946)[0m   [0;1mSELECT * FROM `list_items` WHERE (`list_items`.`list_type_id` = 2 AND `list_items`.`user_id` = 1) [0m
  [4;35;1mListItem Load (0.001093)[0m   [0mSELECT * FROM `list_items` WHERE (`list_items`.`list_type_id` = 3 AND `list_items`.`user_id` = 1) [0m
  [4;36;1mListItem Load (0.000921)[0m   [0;1mSELECT * FROM `list_items` WHERE (`list_items`.`list_type_id` = 4 AND `list_items`.`user_id` = 1) [0m
  [4;35;1mListItem Load (0.000878)[0m   [0mSELECT * FROM `list_items` WHERE (`list_items`.`list_type_id` = 5 AND `list_items`.`user_id` = 1) [0m
  [4;36;1mListItem Load (0.000915)[0m   [0;1mSELECT * FROM `list_items` WHERE (`list_items`.`list_type_id` = 6 AND `list_items`.`user_id` = 1) [0m
Completed in 0.08011 (12 reqs/sec) | Rendering: 0.04770 (59%) | DB: 0.02290 (28%) | 200 OK [http://localhost/list/list]


Processing ListController#update_remind_at (for 127.0.0.1 at 2008-09-04 09:28:50) [POST]
  Session ID: BAh7CToRbGlzdF9pdGVtX2lkaQY6EWxpc3RfdHlwZV9pZGkGOgx1c2VyX2lk
aQYiCmZsYXNoSUM6J0FjdGlvbkNvbnRyb2xsZXI6OkZsYXNoOjpGbGFzaEhh
c2h7AAY6CkB1c2VkewA=--b5a0d787a061d8d341de6065e9186a56c04bac73
  Parameters: {"remind_at"=>"September 4, 2008 4:21 AM", "action"=>"update_remind_at", "id"=>"1", "controller"=>"list"}
  [4;35;1mListItem Columns (0.004637)[0m   [0mSHOW FIELDS FROM `list_items`[0m
  [4;36;1mListItem Load (0.001502)[0m   [0;1mSELECT * FROM `list_items` WHERE (`list_items`.`id` = 1) [0m
  [4;35;1mSQL (0.000388)[0m   [0mBEGIN[0m
  [4;36;1mListItem Update (0.000543)[0m   [0;1mUPDATE `list_items` SET `remind_at` = '2008-09-04 04:21:00', `updated_at` = '2008-09-04 09:28:50' WHERE `id` = 1[0m
  [4;35;1mSQL (0.000994)[0m   [0mCOMMIT[0m
Rendering list/update_remind_at
  [4;36;1mListItem Load (0.001623)[0m   [0;1mSELECT * FROM `list_items` WHERE (`list_items`.`id` = 1) [0m
  [4;35;1mListType Columns (0.003273)[0m   [0mSHOW FIELDS FROM `list_types`[0m
  [4;36;1mListType Load (0.000639)[0m   [0;1mSELECT * FROM `list_types` WHERE (`list_types`.`id` = 1) [0m
  [4;35;1mListType Load (0.000766)[0m   [0mSELECT * FROM `list_types` [0m
Rendered list/_item_description (0.00047)
Rendered list/_item_resolution (0.00052)
Rendered list/_item_stats (0.00018)
Rendered list/_list_item (0.02080)
Completed in 0.05190 (19 reqs/sec) | Rendering: 0.02489 (47%) | DB: 0.01437 (27%) | 200 OK [http://localhost/list/update_remind_at/1]


Processing ListController#update_remind_at (for 127.0.0.1 at 2008-09-04 09:28:53) [POST]
  Session ID: BAh7CToRbGlzdF9pdGVtX2lkaQY6EWxpc3RfdHlwZV9pZGkGOgx1c2VyX2lk
aQYiCmZsYXNoSUM6J0FjdGlvbkNvbnRyb2xsZXI6OkZsYXNoOjpGbGFzaEhh
c2h7AAY6CkB1c2VkewA=--b5a0d787a061d8d341de6065e9186a56c04bac73
  Parameters: {"remind_at"=>"September 4, 2008 4:35 AM", "action"=>"update_remind_at", "id"=>"1", "controller"=>"list"}
  [4;36;1mListItem Columns (0.005018)[0m   [0;1mSHOW FIELDS FROM `list_items`[0m
  [4;35;1mListItem Load (0.001555)[0m   [0mSELECT * FROM `list_items` WHERE (`list_items`.`id` = 1) [0m
  [4;36;1mSQL (0.000479)[0m   [0;1mBEGIN[0m
  [4;35;1mListItem Update (0.000305)[0m   [0mUPDATE `list_items` SET `remind_at` = '2008-09-04 04:35:00', `updated_at` = '2008-09-04 09:28:53' WHERE `id` = 1[0m
  [4;36;1mSQL (0.001009)[0m   [0;1mCOMMIT[0m
Rendering list/update_remind_at
  [4;35;1mListItem Load (0.001635)[0m   [0mSELECT * FROM `list_items` WHERE (`list_items`.`id` = 1) [0m
  [4;36;1mListType Columns (0.003719)[0m   [0;1mSHOW FIELDS FROM `list_types`[0m
  [4;35;1mListType Load (0.000667)[0m   [0mSELECT * FROM `list_types` WHERE (`list_types`.`id` = 1) [0m
  [4;36;1mListType Load (0.000781)[0m   [0;1mSELECT * FROM `list_types` [0m
Rendered list/_item_description (0.00046)
Rendered list/_item_resolution (0.00040)
Rendered list/_item_stats (0.00015)
Rendered list/_list_item (0.02044)
Completed in 0.05034 (19 reqs/sec) | Rendering: 0.02270 (45%) | DB: 0.01517 (30%) | 200 OK [http://localhost/list/update_remind_at/1]
